加载商品: 3 load_cart数量：3
进入了初始化
成功加载 full_orders 并拿到了指针 
商品号 1 add_item 商品的数量: 2
加载商品: 1 load_cart数量：2
加载商品: 3 load_cart数量：3
加载商品: 1 load_cart数量：2
加载商品: 3 load_cart数量：3
进入了初始化
过了循环 
商品号 1 add_item 商品的数量: 2
加载商品: 1 load_cart数量：4
加载商品: 3 load_cart数量：3
加载商品: 3 load_cart数量：3
进入了初始化
过了循环 
Order 已经成功刷新了 
加载商品: 3 load_cart数量：3
进入了初始化
过了循环 
渲染成功 
商品号 1 add_item 商品的数量: 2
加载商品: 1 load_cart数量：2
加载商品: 3 load_cart数量：3
加载商品: 3 load_cart数量：3
进入了初始化
过了循环 
渲染成功 
Order 已经成功刷新了 
加载商品: 3 load_cart数量：3
进入了初始化
过了循环 
渲染成功 
商品号 1 add_item 商品的数量: 2
加载商品: 1 load_cart数量：2
加载商品: 3 load_cart数量：3
加载商品: 3 load_cart数量：3
进入了初始化
过了循环 
渲染成功 
Order 已经成功刷新了 
加载商品: 3 load_cart数量：3
进入了初始化
过了循环 
渲染成功 
加载商品: 3 load_cart数量：3
进入了初始化
过了循环 
渲染成功 
商品号 1 add_item 商品的数量: 2
加载商品: 1 load_cart数量：2
加载商品: 3 load_cart数量：3
加载商品: 3 load_cart数量：3
进入了初始化
过了循环 
渲染成功 
Order 已经成功刷新了 
加载商品: 3 load_cart数量：3
加载商品: 3 load_cart数量：3
